<?xml version="1.0" encoding="UTF-8"?>
<testsuite xmlns:xsi="http://www.w3.org/2001/XMLSchema-instance" xsi:noNamespaceSchemaLocation="https://maven.apache.org/surefire/maven-surefire-plugin/xsd/surefire-test-report-3.0.xsd" version="3.0" name="timer.MergedTimerTest" time="0.023" tests="2" errors="0" skipped="0" failures="0">
  <properties>
    <property name="java.specification.version" value="14"/>
    <property name="sun.cpu.isalist" value="amd64"/>
    <property name="sun.jnu.encoding" value="Cp1252"/>
    <property name="java.class.path" value="C:\Users\Etudi\IdeaProjects\projQualyM\target\test-classes;C:\Users\Etudi\IdeaProjects\projQualyM\target\classes;C:\Users\Etudi\.m2\repository\org\junit\jupiter\junit-jupiter\5.9.2\junit-jupiter-5.9.2.jar;C:\Users\Etudi\.m2\repository\org\junit\jupiter\junit-jupiter-api\5.9.2\junit-jupiter-api-5.9.2.jar;C:\Users\Etudi\.m2\repository\org\opentest4j\opentest4j\1.2.0\opentest4j-1.2.0.jar;C:\Users\Etudi\.m2\repository\org\junit\platform\junit-platform-commons\1.9.2\junit-platform-commons-1.9.2.jar;C:\Users\Etudi\.m2\repository\org\apiguardian\apiguardian-api\1.1.2\apiguardian-api-1.1.2.jar;C:\Users\Etudi\.m2\repository\org\junit\jupiter\junit-jupiter-params\5.9.2\junit-jupiter-params-5.9.2.jar;C:\Users\Etudi\.m2\repository\org\junit\jupiter\junit-jupiter-engine\5.9.2\junit-jupiter-engine-5.9.2.jar;C:\Users\Etudi\.m2\repository\org\junit\platform\junit-platform-engine\1.9.2\junit-platform-engine-1.9.2.jar;C:\Users\Etudi\.m2\repository\org\apache\maven\plugins\maven-deploy-plugin\3.1.0\maven-deploy-plugin-3.1.0.jar;C:\Users\Etudi\.m2\repository\org\codehaus\plexus\plexus-utils\3.5.0\plexus-utils-3.5.0.jar;C:\Users\Etudi\.m2\repository\org\eclipse\aether\aether-util\1.0.0.v20140518\aether-util-1.0.0.v20140518.jar;C:\Users\Etudi\.m2\repository\org\eclipse\aether\aether-api\1.0.0.v20140518\aether-api-1.0.0.v20140518.jar;C:\Users\Etudi\.m2\repository\org\apache\maven\scm\maven-scm-api\2.0.0-M3\maven-scm-api-2.0.0-M3.jar;C:\Users\Etudi\.m2\repository\org\slf4j\slf4j-api\1.7.36\slf4j-api-1.7.36.jar;"/>
    <property name="java.vm.vendor" value="Oracle Corporation"/>
    <property name="sun.arch.data.model" value="64"/>
    <property name="user.variant" value=""/>
    <property name="java.vendor.url" value="https://java.oracle.com/"/>
    <property name="user.timezone" value="Europe/Paris"/>
    <property name="os.name" value="Windows 10"/>
    <property name="java.vm.specification.version" value="14"/>
    <property name="sun.java.launcher" value="SUN_STANDARD"/>
    <property name="user.country" value="FR"/>
    <property name="sun.boot.library.path" value="C:\Program Files\Java\jdk-14\bin"/>
    <property name="sun.java.command" value="C:\Users\Etudi\AppData\Local\Temp\surefire5763761659540864853\surefirebooter-20230317140936069_3.jar C:\Users\Etudi\AppData\Local\Temp\surefire5763761659540864853 2023-03-17T14-09-34_231-jvmRun1 surefire-20230317140936069_1tmp surefire_0-20230317140936069_2tmp"/>
    <property name="jdk.debug" value="release"/>
    <property name="surefire.test.class.path" value="C:\Users\Etudi\IdeaProjects\projQualyM\target\test-classes;C:\Users\Etudi\IdeaProjects\projQualyM\target\classes;C:\Users\Etudi\.m2\repository\org\junit\jupiter\junit-jupiter\5.9.2\junit-jupiter-5.9.2.jar;C:\Users\Etudi\.m2\repository\org\junit\jupiter\junit-jupiter-api\5.9.2\junit-jupiter-api-5.9.2.jar;C:\Users\Etudi\.m2\repository\org\opentest4j\opentest4j\1.2.0\opentest4j-1.2.0.jar;C:\Users\Etudi\.m2\repository\org\junit\platform\junit-platform-commons\1.9.2\junit-platform-commons-1.9.2.jar;C:\Users\Etudi\.m2\repository\org\apiguardian\apiguardian-api\1.1.2\apiguardian-api-1.1.2.jar;C:\Users\Etudi\.m2\repository\org\junit\jupiter\junit-jupiter-params\5.9.2\junit-jupiter-params-5.9.2.jar;C:\Users\Etudi\.m2\repository\org\junit\jupiter\junit-jupiter-engine\5.9.2\junit-jupiter-engine-5.9.2.jar;C:\Users\Etudi\.m2\repository\org\junit\platform\junit-platform-engine\1.9.2\junit-platform-engine-1.9.2.jar;C:\Users\Etudi\.m2\repository\org\apache\maven\plugins\maven-deploy-plugin\3.1.0\maven-deploy-plugin-3.1.0.jar;C:\Users\Etudi\.m2\repository\org\codehaus\plexus\plexus-utils\3.5.0\plexus-utils-3.5.0.jar;C:\Users\Etudi\.m2\repository\org\eclipse\aether\aether-util\1.0.0.v20140518\aether-util-1.0.0.v20140518.jar;C:\Users\Etudi\.m2\repository\org\eclipse\aether\aether-api\1.0.0.v20140518\aether-api-1.0.0.v20140518.jar;C:\Users\Etudi\.m2\repository\org\apache\maven\scm\maven-scm-api\2.0.0-M3\maven-scm-api-2.0.0-M3.jar;C:\Users\Etudi\.m2\repository\org\slf4j\slf4j-api\1.7.36\slf4j-api-1.7.36.jar;"/>
    <property name="sun.cpu.endian" value="little"/>
    <property name="user.home" value="C:\Users\Etudi"/>
    <property name="user.language" value="fr"/>
    <property name="java.specification.vendor" value="Oracle Corporation"/>
    <property name="java.version.date" value="2020-03-17"/>
    <property name="java.home" value="C:\Program Files\Java\jdk-14"/>
    <property name="file.separator" value="\"/>
    <property name="basedir" value="C:\Users\Etudi\IdeaProjects\projQualyM"/>
    <property name="java.vm.compressedOopsMode" value="32-bit"/>
    <property name="line.separator" value="&#10;"/>
    <property name="java.vm.specification.vendor" value="Oracle Corporation"/>
    <property name="java.specification.name" value="Java Platform API Specification"/>
    <property name="surefire.real.class.path" value="C:\Users\Etudi\AppData\Local\Temp\surefire5763761659540864853\surefirebooter-20230317140936069_3.jar"/>
    <property name="user.script" value=""/>
    <property name="sun.management.compiler" value="HotSpot 64-Bit Tiered Compilers"/>
    <property name="java.runtime.version" value="14+36-1461"/>
    <property name="user.name" value="Etudi"/>
    <property name="path.separator" value=";"/>
    <property name="os.version" value="10.0"/>
    <property name="java.runtime.name" value="Java(TM) SE Runtime Environment"/>
    <property name="file.encoding" value="Cp1252"/>
    <property name="java.vm.name" value="Java HotSpot(TM) 64-Bit Server VM"/>
    <property name="localRepository" value="C:\Users\Etudi\.m2\repository"/>
    <property name="java.vendor.url.bug" value="https://bugreport.java.com/bugreport/"/>
    <property name="java.io.tmpdir" value="C:\Users\Etudi\AppData\Local\Temp\"/>
    <property name="java.version" value="14"/>
    <property name="user.dir" value="C:\Users\Etudi\IdeaProjects\projQualyM"/>
    <property name="os.arch" value="amd64"/>
    <property name="java.vm.specification.name" value="Java Virtual Machine Specification"/>
    <property name="sun.os.patch.level" value=""/>
    <property name="java.library.path" value="C:\Program Files\Java\jdk-14\bin;C:\WINDOWS\Sun\Java\bin;C:\WINDOWS\system32;C:\WINDOWS;C:\Program Files\Python310\Scripts\;C:\Program Files\Python310\;C:\Program Files (x86)\VMware\VMware Player\bin\;C:\Python39\Scripts\;C:\Python39\;C:\Program Files (x86)\Python38-32\Scripts\;C:\Program Files (x86)\Python38-32\;C:\Users\Etudi\AppData\Local\Programs\Python\Python37-32\Scripts\;C:\Users\Etudi\AppData\Local\Programs\Python\Python37-32\;C:\Program Files (x86)\Common Files\Oracle\Java\javapath;C:\Program Files (x86)\Python37-32\Scripts\;C:\Program Files (x86)\Python37-32\;C:\WINDOWS\system32;C:\WINDOWS;C:\WINDOWS\System32\Wbem;C:\WINDOWS\System32\WindowsPowerShell\v1.0\;C:\WINDOWS\System32\OpenSSH\;C:\Program Files\Intel\WiFi\bin\;C:\Program Files\Common Files\Intel\WirelessCommon\;C:\Users\Etudi\OneDrive\Bureau\apache-maven-3.6.3\bin;C:\Program Files\Git\cmd;C:\Users\Etudi\OneDrive\Documents\Downloads\PHP;C:\ProgramData\ComposerSetup\bin;C:\ProgramData\chocolatey\bin;C:\Program Files\nodejs\;C:\wamp64\bin\php\php8.1.2;C:\Program Files\GitHub CLI\;C:\Program Files\Kathara;;C:\Program Files\Docker\Docker\resources\bin;C:\Users\Etudi\AppData\Local\Microsoft\WindowsApps;C:\Program Files\JetBrains\PyCharm Community Edition 2019.3\bin;C:\Users\Etudi\AppData\Local\Programs\Microsoft VS Code\bin;C:\Users\Etudi\AppData\Roaming\Composer\vendor\bin;C:\MinGW\bin;C:\Users\Etudi\AppData\Roaming\npm;C:\Users\Etudi\AppData\Local\JetBrains\Toolbox\scripts;C:\Users\Etudi\AppData\Local\Microsoft\WindowsApps;C:\Users\Etudi\AppData\Roaming\Python\Python310\Scripts;C:\users\etudi\appdata\roaming\python\python310\site-packages;C:\Program Files\MongoDB\Server\6.0\bin\;C:\Users\Etudi\AppData\Local\Programs\mongosh\;C:\Program Files\MongoDB\Tools\100\bin;C:\rtools43\usr\bin;C:\rtools43\usr\bin\sh.exe;."/>
    <property name="java.vm.info" value="mixed mode, sharing"/>
    <property name="java.vendor" value="Oracle Corporation"/>
    <property name="java.vm.version" value="14+36-1461"/>
    <property name="sun.io.unicode.encoding" value="UnicodeLittle"/>
    <property name="java.class.version" value="58.0"/>
  </properties>
  <testcase name="next" classname="timer.MergedTimerTest" time="0.009"/>
  <testcase name="hasNext" classname="timer.MergedTimerTest" time="0.003"/>
</testsuite>